<?xml version="1.0" encoding="UTF-8"?>
<!-- Generated by org.testng.reporters.JUnitXMLReporter -->
<testsuite ignored="1" hostname="DESKTOP-Q8TTMMF" failures="0" tests="2" name="Test" time="5.86" errors="0" timestamp="2024-10-20T12:22:32 IST">
  <testcase classname="com.orangehrm.test.Logintest" name="logintoapplication" time="2.492"/>
  <testcase classname="com.orangehrm.test.Hometest" name="homepagenav" time="3.15"/>
  <testcase classname="com.orangehrm.test.Basetest" name="@BeforeSuite initDriver" time="0.0">
    <ignored/>
  </testcase> <!-- @BeforeSuite initDriver -->
</testsuite> <!-- Test -->
