<?xml version="1.0" encoding="UTF-8"?>
<testng-results ignored="0" total="1" passed="1" failed="0" skipped="0">
  <reporter-output>
  </reporter-output>
  <suite started-at="2024-11-19T12:51:33 IST" name="Default suite" finished-at="2024-11-19T12:51:37 IST" duration-ms="4051">
    <groups>
    </groups>
    <test started-at="2024-11-19T12:51:33 IST" name="Default test" finished-at="2024-11-19T12:51:37 IST" duration-ms="4051">
      <class name="com.orangehrm.test.Logintest">
        <test-method is-config="true" signature="initDriver()[pri:0, instance:com.orangehrm.test.Logintest@7671cb68]" started-at="2024-11-19T12:51:25 IST" name="initDriver" finished-at="2024-11-19T12:51:33 IST" duration-ms="7802" status="PASS">
          <reporter-output>
          </reporter-output>
        </test-method> <!-- initDriver -->
        <test-method signature="logintoapplication()[pri:0, instance:com.orangehrm.test.Logintest@7671cb68]" started-at="2024-11-19T12:51:33 IST" name="logintoapplication" finished-at="2024-11-19T12:51:37 IST" duration-ms="3965" status="PASS">
          <reporter-output>
          </reporter-output>
        </test-method> <!-- logintoapplication -->
      </class> <!-- com.orangehrm.test.Logintest -->
    </test> <!-- Default test -->
  </suite> <!-- Default suite -->
</testng-results>
